2014-07-04 13:59:32.296 HelloCordova[21287:70b] Multi-tasking -> Device: YES, App: YES
2014-07-04 13:59:32.377 HelloCordova[21287:70b] Unlimited access to network resources
2014-07-04 13:59:33.341 HelloCordova[21287:70b] [CDVTimer][keyboard] 0.055015ms
2014-07-04 13:59:33.342 HelloCordova[21287:70b] CDVPlugin class CDVStatusBar (pluginName: statusbar) does not exist.
2014-07-04 13:59:33.342 HelloCordova[21287:70b] [CDVTimer][statusbar] 0.403047ms
2014-07-04 13:59:33.342 HelloCordova[21287:70b] [CDVTimer][TotalPluginStartup] 1.318991ms
2014-07-04 13:59:34.080 HelloCordova[21287:70b] Resetting plugins due to page load.
2014-07-04 13:59:34.531 HelloCordova[21287:70b] Finished load of: file:///Users/atthorn/Library/Application%20Support/iPhone%20Simulator/7.1/Applications/0BE7F1B7-5555-4A95-979E-45539FE89FCC/HelloCordova.app/www/index.html#/app/playlists
2014-07-04 13:59:57.487 HelloCordova[21287:70b] Doing login [object Object]
2014-07-04 16:46:07.545 HelloCordova[21287:70b] Doing login [object Object]
2014-07-04 16:46:07.624 HelloCordova[21287:70b] THREAD WARNING: ['Console'] took '79.052002' ms. Plugin should use a background thread.
2014-07-07 11:30:51.688 HelloCordova[24730:70b] Multi-tasking -> Device: YES, App: YES
2014-07-07 11:30:51.868 HelloCordova[24730:70b] Unlimited access to network resources
2014-07-07 11:30:52.462 HelloCordova[24730:70b] [CDVTimer][keyboard] 0.055969ms
2014-07-07 11:30:52.462 HelloCordova[24730:70b] CDVPlugin class CDVStatusBar (pluginName: statusbar) does not exist.
2014-07-07 11:30:52.463 HelloCordova[24730:70b] [CDVTimer][statusbar] 0.258029ms
2014-07-07 11:30:52.463 HelloCordova[24730:70b] [CDVTimer][TotalPluginStartup] 0.782013ms
2014-07-07 11:30:53.754 HelloCordova[24730:70b] Resetting plugins due to page load.
2014-07-07 11:30:54.666 HelloCordova[24730:70b] Finished load of: file:///Users/atthorn/Library/Application%20Support/iPhone%20Simulator/7.1/Applications/0BE7F1B7-5555-4A95-979E-45539FE89FCC/HelloCordova.app/www/index.html#/app/flights
2014-07-11 19:21:13.769 HelloCordova[3543:70b] Multi-tasking -> Device: YES, App: YES
2014-07-11 19:21:13.866 HelloCordova[3543:70b] Unlimited access to network resources
2014-07-11 19:21:14.824 HelloCordova[3543:70b] [CDVTimer][keyboard] 0.057995ms
2014-07-11 19:21:14.825 HelloCordova[3543:70b] CDVPlugin class CDVStatusBar (pluginName: statusbar) does not exist.
2014-07-11 19:21:14.825 HelloCordova[3543:70b] [CDVTimer][statusbar] 0.410974ms
2014-07-11 19:21:14.826 HelloCordova[3543:70b] [CDVTimer][TotalPluginStartup] 1.388013ms
2014-07-11 19:21:15.953 HelloCordova[3543:70b] Resetting plugins due to page load.
2014-07-11 19:21:16.413 HelloCordova[3543:70b] Finished load of: file:///Users/atthorn/Library/Application%20Support/iPhone%20Simulator/7.1/Applications/465EF2CB-CD77-4E83-8190-BD0877D7E5EA/HelloCordova.app/www/index.html#/app/flights
2014-07-14 15:16:03.236 HelloCordova[7692:70b] Multi-tasking -> Device: YES, App: YES
2014-07-14 15:16:03.258 HelloCordova[7692:70b] Unlimited access to network resources
2014-07-14 15:16:03.279 HelloCordova[7692:70b] [CDVTimer][keyboard] 0.064015ms
2014-07-14 15:16:03.279 HelloCordova[7692:70b] CDVPlugin class CDVStatusBar (pluginName: statusbar) does not exist.
2014-07-14 15:16:03.279 HelloCordova[7692:70b] [CDVTimer][statusbar] 0.353992ms
2014-07-14 15:16:03.280 HelloCordova[7692:70b] [CDVTimer][TotalPluginStartup] 1.282036ms
2014-07-14 15:16:03.819 HelloCordova[7692:70b] Resetting plugins due to page load.
2014-07-14 15:16:04.102 HelloCordova[7692:70b] Finished load of: file:///Users/atthorn/Library/Application%20Support/iPhone%20Simulator/7.1/Applications/465EF2CB-CD77-4E83-8190-BD0877D7E5EA/HelloCordova.app/www/index.html#/app/flights
2014-07-14 15:29:42.603 HelloCordova[8406:70b] Multi-tasking -> Device: YES, App: YES
2014-07-14 15:29:42.627 HelloCordova[8406:70b] Unlimited access to network resources
2014-07-14 15:29:42.642 HelloCordova[8406:70b] [CDVTimer][keyboard] 0.062048ms
2014-07-14 15:29:42.643 HelloCordova[8406:70b] CDVPlugin class CDVStatusBar (pluginName: statusbar) does not exist.
2014-07-14 15:29:42.643 HelloCordova[8406:70b] [CDVTimer][statusbar] 0.395000ms
2014-07-14 15:29:42.643 HelloCordova[8406:70b] [CDVTimer][TotalPluginStartup] 1.271009ms
2014-07-14 15:29:44.371 HelloCordova[8406:70b] Resetting plugins due to page load.
2014-07-14 15:29:44.909 HelloCordova[8406:70b] Finished load of: file:///Users/atthorn/Library/Application%20Support/iPhone%20Simulator/7.1/Applications/A83C5660-B3BD-4A2B-90D3-97BC6D4008BC/HelloCordova.app/www/index.html#/app/flights
2014-07-14 15:47:18.423 HelloCordova[9459:70b] Multi-tasking -> Device: YES, App: YES
2014-07-14 15:47:18.533 HelloCordova[9459:70b] Unlimited access to network resources
2014-07-14 15:47:18.561 HelloCordova[9459:70b] [CDVTimer][keyboard] 0.065982ms
2014-07-14 15:47:18.561 HelloCordova[9459:70b] CDVPlugin class CDVStatusBar (pluginName: statusbar) does not exist.
2014-07-14 15:47:18.562 HelloCordova[9459:70b] [CDVTimer][statusbar] 0.358999ms
2014-07-14 15:47:18.562 HelloCordova[9459:70b] [CDVTimer][TotalPluginStartup] 1.236022ms
2014-07-14 15:47:19.257 HelloCordova[9459:70b] Resetting plugins due to page load.
2014-07-14 15:47:19.961 HelloCordova[9459:70b] Finished load of: file:///Users/atthorn/Library/Application%20Support/iPhone%20Simulator/7.1/Applications/AFACB379-D9BA-481E-AB21-C5C7B68DF25B/HelloCordova.app/www/index.html#/app/flights
2014-07-14 15:47:29.349 HelloCordova[9459:70b] Doing logout
2014-07-14 15:47:32.889 HelloCordova[9459:70b] Doing logout
2014-07-14 15:47:33.681 HelloCordova[9459:70b] Doing logout
2014-07-14 15:47:34.160 HelloCordova[9459:70b] Doing logout
2014-07-14 15:48:43.506 HelloCordova[9631:70b] Multi-tasking -> Device: YES, App: YES
2014-07-14 15:48:43.529 HelloCordova[9631:70b] Unlimited access to network resources
2014-07-14 15:48:43.543 HelloCordova[9631:70b] [CDVTimer][keyboard] 0.065029ms
2014-07-14 15:48:43.544 HelloCordova[9631:70b] CDVPlugin class CDVStatusBar (pluginName: statusbar) does not exist.
2014-07-14 15:48:43.544 HelloCordova[9631:70b] [CDVTimer][statusbar] 0.445008ms
2014-07-14 15:48:43.545 HelloCordova[9631:70b] [CDVTimer][TotalPluginStartup] 1.340985ms
2014-07-14 15:48:43.945 HelloCordova[9631:70b] Resetting plugins due to page load.
2014-07-14 15:48:44.140 HelloCordova[9631:70b] Finished load of: file:///Users/atthorn/Library/Application%20Support/iPhone%20Simulator/7.1/Applications/AFACB379-D9BA-481E-AB21-C5C7B68DF25B/HelloCordova.app/www/index.html#/app/flights
2014-07-14 15:50:22.255 HelloCordova[9838:70b] Multi-tasking -> Device: YES, App: YES
2014-07-14 15:50:22.262 HelloCordova[9838:70b] Unlimited access to network resources
2014-07-14 15:50:22.277 HelloCordova[9838:70b] [CDVTimer][keyboard] 0.064015ms
2014-07-14 15:50:22.277 HelloCordova[9838:70b] CDVPlugin class CDVStatusBar (pluginName: statusbar) does not exist.
2014-07-14 15:50:22.277 HelloCordova[9838:70b] [CDVTimer][statusbar] 0.360012ms
2014-07-14 15:50:22.278 HelloCordova[9838:70b] [CDVTimer][TotalPluginStartup] 1.224041ms
2014-07-14 15:50:22.680 HelloCordova[9838:70b] Resetting plugins due to page load.
2014-07-14 15:50:23.398 HelloCordova[9838:70b] Finished load of: file:///Users/atthorn/Library/Application%20Support/iPhone%20Simulator/7.1/Applications/AFACB379-D9BA-481E-AB21-C5C7B68DF25B/HelloCordova.app/www/index.html#/app/flights
2014-07-14 15:50:48.545 HelloCordova[9838:70b] Doing logout
2014-07-14 15:50:48.558 HelloCordova[9838:70b] THREAD WARNING: ['SMAP'] took '13.006836' ms. Plugin should use a background thread.
2014-07-14 16:02:28.530 HelloCordova[10045:70b] Multi-tasking -> Device: YES, App: YES
2014-07-14 16:02:28.537 HelloCordova[10045:70b] Unlimited access to network resources
2014-07-14 16:02:28.551 HelloCordova[10045:70b] [CDVTimer][keyboard] 0.064015ms
2014-07-14 16:02:28.552 HelloCordova[10045:70b] CDVPlugin class CDVStatusBar (pluginName: statusbar) does not exist.
2014-07-14 16:02:28.552 HelloCordova[10045:70b] [CDVTimer][statusbar] 0.384986ms
2014-07-14 16:02:28.553 HelloCordova[10045:70b] [CDVTimer][TotalPluginStartup] 1.296997ms
2014-07-14 16:02:29.275 HelloCordova[10045:70b] Resetting plugins due to page load.
2014-07-14 16:02:29.468 HelloCordova[10045:70b] Finished load of: file:///Users/atthorn/Library/Application%20Support/iPhone%20Simulator/7.1/Applications/AFACB379-D9BA-481E-AB21-C5C7B68DF25B/HelloCordova.app/www/index.html#/app/flights
2014-07-14 16:03:15.067 HelloCordova[10045:70b] Doing logout
2014-07-14 16:03:15.081 HelloCordova[10045:70b] THREAD WARNING: ['SMAP'] took '13.416016' ms. Plugin should use a background thread.
2014-07-14 16:12:51.498 HelloCordova[10238:70b] Multi-tasking -> Device: YES, App: YES
2014-07-14 16:12:51.504 HelloCordova[10238:70b] Unlimited access to network resources
2014-07-14 16:12:51.519 HelloCordova[10238:70b] [CDVTimer][keyboard] 0.076056ms
2014-07-14 16:12:51.520 HelloCordova[10238:70b] CDVPlugin class CDVStatusBar (pluginName: statusbar) does not exist.
2014-07-14 16:12:51.520 HelloCordova[10238:70b] [CDVTimer][statusbar] 0.369012ms
2014-07-14 16:12:51.521 HelloCordova[10238:70b] [CDVTimer][TotalPluginStartup] 1.271009ms
2014-07-14 16:12:52.541 HelloCordova[10238:70b] Resetting plugins due to page load.
2014-07-14 16:12:52.760 HelloCordova[10238:70b] Finished load of: file:///Users/atthorn/Library/Application%20Support/iPhone%20Simulator/7.1/Applications/AFACB379-D9BA-481E-AB21-C5C7B68DF25B/HelloCordova.app/www/index.html#/app/flights
2014-07-14 16:13:11.598 HelloCordova[10238:70b] Doing logout
2014-07-14 16:13:11.611 HelloCordova[10238:70b] THREAD WARNING: ['SMAP'] took '12.929932' ms. Plugin should use a background thread.
2014-07-14 16:36:13.038 HelloCordova[10238:70b] Doing logout
2014-07-14 16:36:13.062 HelloCordova[10238:70b] THREAD WARNING: ['SMAP'] took '14.815918' ms. Plugin should use a background thread.
